<?xml version="1.0" encoding="UTF-8"?>
<!-- Generated by org.testng.reporters.JUnitReportReporter -->
<testsuite hostname="LAPTOP-PPEER480" failures="0" tests="1" name="org.mma.mercury.tours.regression.suite.MercuryToursRegressionSuite" time="31.813" errors="0" timestamp="2023-02-25T11:14:02 EST" skipped="0">
  <testcase classname="org.mma.mercury.tours.regression.suite.MercuryToursRegressionSuite" name="mercuryToursRegisterPageValidation" time="31.813"/>
  <system-out/>
</testsuite> <!-- org.mma.mercury.tours.regression.suite.MercuryToursRegressionSuite -->
