<?xml version="1.0" encoding="UTF-8"?>
<!-- Generated by org.testng.reporters.JUnitReportReporter -->
<testsuite hostname="LAPTOP-PPEER480" failures="0" tests="1" name="org.mma.mercury.tours.MercuryToursFlightBooking" time="17.298" errors="0" timestamp="2023-02-07T22:14:09 EST" skipped="0">
  <testcase classname="org.mma.mercury.tours.MercuryToursFlightBooking" name="userRegisterTest" time="17.298"/>
  <system-out/>
</testsuite> <!-- org.mma.mercury.tours.MercuryToursFlightBooking -->
